[
  {
    "line": 2,
    "elements": [
      {
        "before": [
          {
            "result": {
              "duration": 7818704300,
              "status": "passed"
            },
            "match": {
              "location": "Hooks.setUp()"
            }
          }
        ],
        "line": 12,
        "name": "User verify Error Message With Invalid Credentials",
        "description": "",
        "id": "login-test;user-verify-error-message-with-invalid-credentials",
        "after": [
          {
            "result": {
              "duration": 127400,
              "status": "passed"
            },
            "match": {
              "location": "Hooks.tearDown(Scenario)"
            }
          }
        ],
        "type": "scenario",
        "keyword": "Scenario",
        "steps": [
          {
            "result": {
              "duration": 1305948101,
              "status": "passed"
            },
            "line": 13,
            "name": "I click on login link",
            "match": {
              "location": "LoginSteps.iClickOnLoginLink()"
            },
            "keyword": "Given "
          },
          {
            "result": {
              "duration": 335641300,
              "status": "passed"
            },
            "line": 14,
            "name": "I Enter invalid EmailId",
            "match": {
              "location": "LoginSteps.iEnterEmailId()"
            },
            "keyword": "When "
          },
          {
            "result": {
              "duration": 189719900,
              "status": "passed"
            },
            "line": 15,
            "name": "I Enter invalid Password",
            "match": {
              "location": "LoginSteps.iEnterPassword()"
            },
            "keyword": "And "
          },
          {
            "result": {
              "duration": 576894700,
              "status": "passed"
            },
            "line": 16,
            "name": "I click on login button",
            "match": {
              "location": "LoginSteps.iClickOnLoginButton()"
            },
            "keyword": "And "
          },
          {
            "result": {
              "duration": 192360399,
              "status": "passed"
            },
            "line": 17,
            "name": "I Verify error mass",
            "match": {
              "location": "LoginSteps.iVerifyErrorMass()"
            },
            "keyword": "Then "
          }
        ],
        "tags": [
          {
            "line": 11,
            "name": "@sanity"
          }
        ]
      },
      {
        "before": [
          {
            "result": {
              "duration": 3918738900,
              "status": "passed"
            },
            "match": {
              "location": "Hooks.setUp()"
            }
          }
        ],
        "line": 20,
        "name": "User verify That Should Log In SuccessFully With Valid Credentials",
        "description": "",
        "id": "login-test;user-verify-that-should-log-in-successfully-with-valid-credentials",
        "after": [
          {
            "result": {
              "duration": 575033100,
              "status": "passed"
            },
            "match": {
              "location": "Hooks.tearDown(Scenario)"
            }
          }
        ],
        "type": "scenario",
        "keyword": "Scenario",
        "steps": [
          {
            "result": {
              "duration": 1176241000,
              "status": "passed"
            },
            "line": 21,
            "name": "I click on login link",
            "match": {
              "location": "LoginSteps.iClickOnLoginLink()"
            },
            "keyword": "Given "
          },
          {
            "result": {
              "duration": 408519600,
              "status": "passed"
            },
            "line": 22,
            "name": "I Enter valid EmailId",
            "match": {
              "location": "LoginSteps.iEnterValidEmailId()"
            },
            "keyword": "When "
          },
          {
            "result": {
              "duration": 260854500,
              "status": "passed"
            },
            "line": 23,
            "name": "I Enter valid password",
            "match": {
              "location": "LoginSteps.iEnterValidPassword()"
            },
            "keyword": "And "
          },
          {
            "result": {
              "duration": 613967201,
              "status": "passed"
            },
            "line": 24,
            "name": "I click on login button",
            "match": {
              "location": "LoginSteps.iClickOnLoginButton()"
            },
            "keyword": "And "
          },
          {
            "result": {
              "duration": 20065444200,
              "error_message": "org.openqa.selenium.NoSuchElementException: no such element: Unable to locate element: {\"method\":\"xpath\",\"selector\":\"//a[normalize-space()\u003d\u0027Log out\u0027]\"}\n  (Session info: chrome\u003d108.0.5359.125)\nFor documentation on this error, please visit: https://selenium.dev/exceptions/#no_such_element\nBuild info: version: \u00274.6.0\u0027, revision: \u002779f1c02ae20\u0027\nSystem info: os.name: \u0027Windows 10\u0027, os.arch: \u0027amd64\u0027, os.version: \u002710.0\u0027, java.version: \u00271.8.0_121\u0027\nDriver info: org.openqa.selenium.chrome.ChromeDriver\nCommand: [0027926a3f7f97c57fd1c0608cb7b949, findElement {using\u003dxpath, value\u003d//a[normalize-space()\u003d\u0027Log out\u0027]}]\nCapabilities {acceptInsecureCerts: false, browserName: chrome, browserVersion: 108.0.5359.125, chrome: {chromedriverVersion: 108.0.5359.71 (1e0e3868ee06..., userDataDir: C:\\Users\\44744\\AppData\\Loca...}, goog:chromeOptions: {debuggerAddress: localhost:52307}, networkConnectionEnabled: false, pageLoadStrategy: normal, platformName: WINDOWS, proxy: Proxy(), se:cdp: ws://localhost:52307/devtoo..., se:cdpVersion: 108.0.5359.125, setWindowRect: true, strictFileInteractability: false, timeouts: {implicit: 0, pageLoad: 300000, script: 30000}, unhandledPromptBehavior: dismiss and notify, webauthn:extension:credBlob: true, webauthn:extension:largeBlob: true, webauthn:virtualAuthenticators: true}\nSession ID: 0027926a3f7f97c57fd1c0608cb7b949\r\n\tat sun.reflect.NativeConstructorAccessorImpl.newInstance0(Native Method)\r\n\tat sun.reflect.NativeConstructorAccessorImpl.newInstance(NativeConstructorAccessorImpl.java:62)\r\n\tat sun.reflect.DelegatingConstructorAccessorImpl.newInstance(DelegatingConstructorAccessorImpl.java:45)\r\n\tat java.lang.reflect.Constructor.newInstance(Constructor.java:423)\r\n\tat org.openqa.selenium.remote.codec.w3c.W3CHttpResponseCodec.createException(W3CHttpResponseCodec.java:200)\r\n\tat org.openqa.selenium.remote.codec.w3c.W3CHttpResponseCodec.decode(W3CHttpResponseCodec.java:133)\r\n\tat org.openqa.selenium.remote.codec.w3c.W3CHttpResponseCodec.decode(W3CHttpResponseCodec.java:53)\r\n\tat org.openqa.selenium.remote.HttpCommandExecutor.execute(HttpCommandExecutor.java:184)\r\n\tat org.openqa.selenium.remote.service.DriverCommandExecutor.invokeExecute(DriverCommandExecutor.java:167)\r\n\tat org.openqa.selenium.remote.service.DriverCommandExecutor.execute(DriverCommandExecutor.java:142)\r\n\tat org.openqa.selenium.remote.RemoteWebDriver.execute(RemoteWebDriver.java:541)\r\n\tat org.openqa.selenium.remote.ElementLocation$ElementFinder$2.findElement(ElementLocation.java:162)\r\n\tat org.openqa.selenium.remote.ElementLocation.findElement(ElementLocation.java:60)\r\n\tat org.openqa.selenium.remote.RemoteWebDriver.findElement(RemoteWebDriver.java:365)\r\n\tat org.openqa.selenium.remote.RemoteWebDriver.findElement(RemoteWebDriver.java:357)\r\n\tat org.openqa.selenium.support.pagefactory.DefaultElementLocator.findElement(DefaultElementLocator.java:70)\r\n\tat org.openqa.selenium.support.pagefactory.internal.LocatingElementHandler.invoke(LocatingElementHandler.java:39)\r\n\tat com.sun.proxy.$Proxy23.isDisplayed(Unknown Source)\r\n\tat com.nopcommerce.pages.HomePage.isLogOutLinkDisplay(HomePage.java:76)\r\n\tat com.nopcommerce.cucumber.steps.LoginSteps.iVerifyMass(LoginSteps.java:64)\r\n\tat ✽.Then I Verify Mass(login.feature:25)\r\n",
              "status": "failed"
            },
            "line": 25,
            "name": "I Verify Mass",
            "match": {
              "location": "LoginSteps.iVerifyMass()"
            },
            "keyword": "Then "
          }
        ],
        "tags": [
          {
            "line": 19,
            "name": "@sanity"
          }
        ]
      }
    ],
    "name": "Login Test",
    "description": "As user I want to login into nop-commerce-demo website",
    "id": "login-test",
    "keyword": "Feature",
    "uri": "login.feature",
    "tags": [
      {
        "line": 1,
        "name": "@Regression"
      }
    ]
  },
  {
    "line": 2,
    "elements": [
      {
        "before": [
          {
            "result": {
              "duration": 4217881400,
              "status": "passed"
            },
            "match": {
              "location": "Hooks.setUp()"
            }
          }
        ],
        "line": 12,
        "name": "User verify That FirstName LastName Email Password And Confirm Password Fields Are Mandatory",
        "description": "",
        "id": "login-test;user-verify-that-firstname-lastname-email-password-and-confirm-password-fields-are-mandatory",
        "after": [
          {
            "result": {
              "duration": 64792001,
              "error_message": "org.openqa.selenium.NoSuchWindowException: no such window: target window already closed\nfrom unknown error: web view not found\n  (Session info: chrome\u003d108.0.5359.125)\nBuild info: version: \u00274.6.0\u0027, revision: \u002779f1c02ae20\u0027\nSystem info: os.name: \u0027Windows 10\u0027, os.arch: \u0027amd64\u0027, os.version: \u002710.0\u0027, java.version: \u00271.8.0_121\u0027\nDriver info: org.openqa.selenium.chrome.ChromeDriver\nCommand: [87de4d54ee61cce038755b493b62dc76, screenshot {}]\nCapabilities {acceptInsecureCerts: false, browserName: chrome, browserVersion: 108.0.5359.125, chrome: {chromedriverVersion: 108.0.5359.71 (1e0e3868ee06..., userDataDir: C:\\Users\\44744\\AppData\\Loca...}, goog:chromeOptions: {debuggerAddress: localhost:52336}, networkConnectionEnabled: false, pageLoadStrategy: normal, platformName: WINDOWS, proxy: Proxy(), se:cdp: ws://localhost:52336/devtoo..., se:cdpVersion: 108.0.5359.125, setWindowRect: true, strictFileInteractability: false, timeouts: {implicit: 0, pageLoad: 300000, script: 30000}, unhandledPromptBehavior: dismiss and notify, webauthn:extension:credBlob: true, webauthn:extension:largeBlob: true, webauthn:virtualAuthenticators: true}\nSession ID: 87de4d54ee61cce038755b493b62dc76\r\n\tat sun.reflect.NativeConstructorAccessorImpl.newInstance0(Native Method)\r\n\tat sun.reflect.NativeConstructorAccessorImpl.newInstance(NativeConstructorAccessorImpl.java:62)\r\n\tat sun.reflect.DelegatingConstructorAccessorImpl.newInstance(DelegatingConstructorAccessorImpl.java:45)\r\n\tat java.lang.reflect.Constructor.newInstance(Constructor.java:423)\r\n\tat org.openqa.selenium.remote.codec.w3c.W3CHttpResponseCodec.createException(W3CHttpResponseCodec.java:200)\r\n\tat org.openqa.selenium.remote.codec.w3c.W3CHttpResponseCodec.decode(W3CHttpResponseCodec.java:133)\r\n\tat org.openqa.selenium.remote.codec.w3c.W3CHttpResponseCodec.decode(W3CHttpResponseCodec.java:53)\r\n\tat org.openqa.selenium.remote.HttpCommandExecutor.execute(HttpCommandExecutor.java:184)\r\n\tat org.openqa.selenium.remote.service.DriverCommandExecutor.invokeExecute(DriverCommandExecutor.java:167)\r\n\tat org.openqa.selenium.remote.service.DriverCommandExecutor.execute(DriverCommandExecutor.java:142)\r\n\tat org.openqa.selenium.remote.RemoteWebDriver.execute(RemoteWebDriver.java:541)\r\n\tat org.openqa.selenium.remote.RemoteWebDriver.execute(RemoteWebDriver.java:596)\r\n\tat org.openqa.selenium.remote.RemoteWebDriver.execute(RemoteWebDriver.java:600)\r\n\tat org.openqa.selenium.remote.RemoteWebDriver.getScreenshotAs(RemoteWebDriver.java:331)\r\n\tat com.nopcommerce.utility.Utility.getScreenshot(Utility.java:287)\r\n\tat com.nopcommerce.cucumber.Hooks.tearDown(Hooks.java:24)\r\n\tat sun.reflect.NativeMethodAccessorImpl.invoke0(Native Method)\r\n\tat sun.reflect.NativeMethodAccessorImpl.invoke(NativeMethodAccessorImpl.java:62)\r\n\tat sun.reflect.DelegatingMethodAccessorImpl.invoke(DelegatingMethodAccessorImpl.java:43)\r\n\tat java.lang.reflect.Method.invoke(Method.java:498)\r\n\tat cucumber.runtime.Utils$1.call(Utils.java:40)\r\n\tat cucumber.runtime.Timeout.timeout(Timeout.java:16)\r\n\tat cucumber.runtime.Utils.invoke(Utils.java:34)\r\n\tat cucumber.runtime.java.JavaHookDefinition.execute(JavaHookDefinition.java:60)\r\n\tat cucumber.runtime.Runtime.runHookIfTagsMatch(Runtime.java:224)\r\n\tat cucumber.runtime.Runtime.runHooks(Runtime.java:212)\r\n\tat cucumber.runtime.Runtime.runAfterHooks(Runtime.java:206)\r\n\tat cucumber.runtime.model.CucumberScenario.run(CucumberScenario.java:46)\r\n\tat cucumber.runtime.junit.ExecutionUnitRunner.run(ExecutionUnitRunner.java:102)\r\n\tat cucumber.runtime.junit.FeatureRunner.runChild(FeatureRunner.java:63)\r\n\tat cucumber.runtime.junit.FeatureRunner.runChild(FeatureRunner.java:18)\r\n\tat org.junit.runners.ParentRunner$3.run(ParentRunner.java:238)\r\n\tat org.junit.runners.ParentRunner$1.schedule(ParentRunner.java:63)\r\n\tat org.junit.runners.ParentRunner.runChildren(ParentRunner.java:236)\r\n\tat org.junit.runners.ParentRunner.access$000(ParentRunner.java:53)\r\n\tat org.junit.runners.ParentRunner$2.evaluate(ParentRunner.java:229)\r\n\tat org.junit.runners.ParentRunner.run(ParentRunner.java:309)\r\n\tat cucumber.runtime.junit.FeatureRunner.run(FeatureRunner.java:70)\r\n\tat cucumber.api.junit.Cucumber.runChild(Cucumber.java:95)\r\n\tat cucumber.api.junit.Cucumber.runChild(Cucumber.java:38)\r\n\tat org.junit.runners.ParentRunner$3.run(ParentRunner.java:238)\r\n\tat org.junit.runners.ParentRunner$1.schedule(ParentRunner.java:63)\r\n\tat org.junit.runners.ParentRunner.runChildren(ParentRunner.java:236)\r\n\tat org.junit.runners.ParentRunner.access$000(ParentRunner.java:53)\r\n\tat org.junit.runners.ParentRunner$2.evaluate(ParentRunner.java:229)\r\n\tat org.junit.internal.runners.statements.RunAfters.evaluate(RunAfters.java:27)\r\n\tat org.junit.runners.ParentRunner.run(ParentRunner.java:309)\r\n\tat cucumber.api.junit.Cucumber.run(Cucumber.java:100)\r\n\tat org.junit.runner.JUnitCore.run(JUnitCore.java:160)\r\n\tat com.intellij.junit4.JUnit4IdeaTestRunner.startRunnerWithArgs(JUnit4IdeaTestRunner.java:69)\r\n\tat com.intellij.rt.junit.IdeaTestRunner$Repeater$1.execute(IdeaTestRunner.java:38)\r\n\tat com.intellij.rt.execution.junit.TestsRepeater.repeat(TestsRepeater.java:11)\r\n\tat com.intellij.rt.junit.IdeaTestRunner$Repeater.startRunnerWithArgs(IdeaTestRunner.java:35)\r\n\tat com.intellij.rt.junit.JUnitStarter.prepareStreamsAndStart(JUnitStarter.java:235)\r\n\tat com.intellij.rt.junit.JUnitStarter.main(JUnitStarter.java:54)\r\n",
              "status": "failed"
            },
            "match": {
              "location": "Hooks.tearDown(Scenario)"
            }
          }
        ],
        "type": "scenario",
        "keyword": "Scenario",
        "steps": [
          {
            "result": {
              "duration": 1279583099,
              "status": "passed"
            },
            "line": 13,
            "name": "I click on Register Link",
            "match": {
              "location": "RegisterSteps.iClickOnRegisterLink()"
            },
            "keyword": "Given "
          },
          {
            "result": {
              "duration": 258589800,
              "status": "passed"
            },
            "line": 14,
            "name": "I click Gender button",
            "match": {
              "location": "RegisterSteps.iClickGenderButton()"
            },
            "keyword": "When "
          },
          {
            "result": {
              "duration": 305981600,
              "status": "passed"
            },
            "line": 15,
            "name": "I Enter First Name\"pradip\"",
            "match": {
              "arguments": [
                {
                  "val": "pradip",
                  "offset": 19
                }
              ],
              "location": "RegisterSteps.iEnterFirstName(String)"
            },
            "keyword": "And "
          },
          {
            "result": {
              "duration": 396421800,
              "status": "passed"
            },
            "line": 16,
            "name": "I Last Name \"kakadiya\"",
            "match": {
              "arguments": [
                {
                  "val": "kakadiya",
                  "offset": 13
                }
              ],
              "location": "RegisterSteps.iLastName(String)"
            },
            "keyword": "And "
          },
          {
            "result": {
              "duration": 38480174400,
              "error_message": "org.openqa.selenium.NoSuchElementException: Cannot locate option with text:  //select[@name\u003d\u0027DateOfBirthDay\u0027]/option[6]\nFor documentation on this error, please visit: https://selenium.dev/exceptions/#no_such_element\nBuild info: version: \u00274.6.0\u0027, revision: \u002779f1c02ae20\u0027\nSystem info: os.name: \u0027Windows 10\u0027, os.arch: \u0027amd64\u0027, os.version: \u002710.0\u0027, java.version: \u00271.8.0_121\u0027\nDriver info: driver.version: unknown\r\n\tat org.openqa.selenium.support.ui.Select.selectByVisibleText(Select.java:153)\r\n\tat com.nopcommerce.utility.Utility.selectByVisibleTextFromDropDown(Utility.java:138)\r\n\tat com.nopcommerce.pages.RegisterPage.selectdayofbirth(RegisterPage.java:192)\r\n\tat com.nopcommerce.cucumber.steps.RegisterSteps.iClickDayOfBirth(RegisterSteps.java:40)\r\n\tat ✽.And I click day of birth(regiter.feature:17)\r\n",
              "status": "failed"
            },
            "line": 17,
            "name": "I click day of birth",
            "match": {
              "location": "RegisterSteps.iClickDayOfBirth()"
            },
            "keyword": "And "
          },
          {
            "result": {
              "status": "skipped"
            },
            "line": 18,
            "name": "I click month of birth",
            "match": {
              "location": "RegisterSteps.iClickMonthOfBirth()"
            },
            "keyword": "And "
          },
          {
            "result": {
              "status": "skipped"
            },
            "line": 19,
            "name": "I click year of birth",
            "match": {
              "location": "RegisterSteps.iClickYearOfBirth()"
            },
            "keyword": "And "
          },
          {
            "result": {
              "status": "skipped"
            },
            "line": 20,
            "name": "I Enter register emailid \"pradip123@gmail.com\"",
            "match": {
              "arguments": [
                {
                  "val": "pradip123@gmail.com",
                  "offset": 26
                }
              ],
              "location": "RegisterSteps.iEnterRegisterEmailid(String)"
            },
            "keyword": "And "
          },
          {
            "result": {
              "status": "skipped"
            },
            "line": 21,
            "name": "I Enter register password \"pradip123\"",
            "match": {
              "arguments": [
                {
                  "val": "pradip123",
                  "offset": 27
                }
              ],
              "location": "RegisterSteps.iEnterRegisterPassword(String)"
            },
            "keyword": "And "
          },
          {
            "result": {
              "status": "skipped"
            },
            "line": 22,
            "name": "I Enter register Confirm password \"pradip123\"",
            "match": {
              "arguments": [
                {
                  "val": "pradip123",
                  "offset": 35
                }
              ],
              "location": "RegisterSteps.iEnterRegisterConfirmPassword(String)"
            },
            "keyword": "And "
          },
          {
            "result": {
              "status": "skipped"
            },
            "line": 23,
            "name": "I Click Register button",
            "match": {
              "location": "RegisterSteps.iClickRegisterButton()"
            },
            "keyword": "Then "
          }
        ],
        "tags": [
          {
            "line": 11,
            "name": "@sanity"
          }
        ]
      }
    ],
    "name": "Login Test",
    "description": "As user I want to login into nop-commerce-demo website",
    "id": "login-test",
    "keyword": "Feature",
    "uri": "regiter.feature",
    "tags": [
      {
        "line": 1,
        "name": "@Regression"
      }
    ]
  }
]